<?xml version="1.0" encoding="UTF-8"?>
<testng-results ignored="0" total="1" passed="0" failed="1" skipped="0">
  <reporter-output>
  </reporter-output>
  <suite started-at="2026-04-23T15:50:00 IST" name="Default suite" finished-at="2026-04-23T15:50:48 IST" duration-ms="48311">
    <groups>
      <group name="smokeTest">
        <method signature="CA40_41_test.end2endTrainerSubmitEventForTrainee()[pri:1, instance:Form.CA40_41_test@399f45b1]" name="end2endTrainerSubmitEventForTrainee" class="Form.CA40_41_test"/>
      </group> <!-- smokeTest -->
    </groups>
    <test started-at="2026-04-23T15:50:00 IST" name="Default test" finished-at="2026-04-23T15:50:48 IST" duration-ms="48311">
      <class name="Form.CA40_41_test">
        <test-method is-config="true" signature="beforeClass()[pri:0, instance:Form.CA40_41_test@399f45b1]" started-at="2026-04-23T15:50:00 IST" name="beforeClass" finished-at="2026-04-23T15:50:11 IST" duration-ms="11386" status="PASS">
          <reporter-output>
          </reporter-output>
        </test-method> <!-- beforeClass -->
        <test-method is-config="true" signature="beforeMethod()[pri:0, instance:Form.CA40_41_test@399f45b1]" started-at="2026-04-23T15:50:11 IST" name="beforeMethod" finished-at="2026-04-23T15:50:16 IST" duration-ms="4528" status="PASS">
          <reporter-output>
          </reporter-output>
        </test-method> <!-- beforeMethod -->
        <test-method signature="end2endTrainerSubmitEventForTrainee()[pri:1, instance:Form.CA40_41_test@399f45b1]" started-at="2026-04-23T15:50:16 IST" name="end2endTrainerSubmitEventForTrainee" description="Trainer submits CA42 Form E2E Happy Path" finished-at="2026-04-23T15:50:45 IST" duration-ms="29422" status="FAIL">
          <exception class="org.openqa.selenium.support.ui.UnexpectedTagNameException">
            <message>
              <![CDATA[Element should have been "select" but was "span"
Build info: version: '4.35.0', revision: '1c58e5028b'
System info: os.name: 'Mac OS X', os.arch: 'aarch64', os.version: '15.3.1', java.version: '17.0.17'
Driver info: driver.version: unknown]]>
            </message>
            <full-stacktrace>
              <![CDATA[org.openqa.selenium.support.ui.UnexpectedTagNameException: Element should have been "select" but was "span"
Build info: version: '4.35.0', revision: '1c58e5028b'
System info: os.name: 'Mac OS X', os.arch: 'aarch64', os.version: '15.3.1', java.version: '17.0.17'
Driver info: driver.version: unknown
at org.openqa.selenium.support.ui.Select.<init>(Select.java:44)
at Utility.WebDriverUtility.selectByIndex(WebDriverUtility.java:93)
at CA40_41_POM.CA40_41_EventGrading_page.enterGradingDetails(CA40_41_EventGrading_page.java:66)
at Form.CA40_41_test.end2endTrainerSubmitEventForTrainee(CA40_41_test.java:30)
at java.base/jdk.internal.reflect.NativeMethodAccessorImpl.invoke0(Native Method)
at java.base/jdk.internal.reflect.NativeMethodAccessorImpl.invoke(NativeMethodAccessorImpl.java:77)
at java.base/jdk.internal.reflect.DelegatingMethodAccessorImpl.invoke(DelegatingMethodAccessorImpl.java:43)
at java.base/java.lang.reflect.Method.invoke(Method.java:569)
at org.testng.internal.invokers.MethodInvocationHelper.invokeMethod(MethodInvocationHelper.java:139)
at org.testng.internal.invokers.TestInvoker.invokeMethod(TestInvoker.java:664)
at org.testng.internal.invokers.TestInvoker.invokeTestMethod(TestInvoker.java:228)
at org.testng.internal.invokers.MethodRunner.runInSequence(MethodRunner.java:63)
at org.testng.internal.invokers.TestInvoker$MethodInvocationAgent.invoke(TestInvoker.java:961)
at org.testng.internal.invokers.TestInvoker.invokeTestMethods(TestInvoker.java:201)
at org.testng.internal.invokers.TestMethodWorker.invokeTestMethods(TestMethodWorker.java:148)
at org.testng.internal.invokers.TestMethodWorker.run(TestMethodWorker.java:128)
at java.base/java.util.ArrayList.forEach(ArrayList.java:1511)
at org.testng.TestRunner.privateRun(TestRunner.java:819)
at org.testng.TestRunner.run(TestRunner.java:619)
at org.testng.SuiteRunner.runTest(SuiteRunner.java:443)
at org.testng.SuiteRunner.runSequentially(SuiteRunner.java:437)
at org.testng.SuiteRunner.privateRun(SuiteRunner.java:397)
at org.testng.SuiteRunner.run(SuiteRunner.java:336)
at org.testng.SuiteRunnerWorker.runSuite(SuiteRunnerWorker.java:52)
at org.testng.SuiteRunnerWorker.run(SuiteRunnerWorker.java:95)
at org.testng.TestNG.runSuitesSequentially(TestNG.java:1301)
at org.testng.TestNG.runSuitesLocally(TestNG.java:1228)
at org.testng.TestNG.runSuites(TestNG.java:1134)
at org.testng.TestNG.run(TestNG.java:1101)
at org.testng.remote.AbstractRemoteTestNG.run(AbstractRemoteTestNG.java:115)
at org.testng.remote.RemoteTestNG.initAndRun(RemoteTestNG.java:293)
at org.testng.remote.RemoteTestNG.main(RemoteTestNG.java:91)
]]>
            </full-stacktrace>
          </exception> <!-- org.openqa.selenium.support.ui.UnexpectedTagNameException -->
          <reporter-output>
          </reporter-output>
        </test-method> <!-- end2endTrainerSubmitEventForTrainee -->
        <test-method is-config="true" signature="afterMethod()[pri:0, instance:Form.CA40_41_test@399f45b1]" started-at="2026-04-23T15:50:45 IST" name="afterMethod" finished-at="2026-04-23T15:50:47 IST" duration-ms="1241" status="PASS">
          <reporter-output>
          </reporter-output>
        </test-method> <!-- afterMethod -->
        <test-method is-config="true" signature="afterClass()[pri:0, instance:Form.CA40_41_test@399f45b1]" started-at="2026-04-23T15:50:47 IST" name="afterClass" finished-at="2026-04-23T15:50:48 IST" duration-ms="1712" status="PASS">
          <reporter-output>
          </reporter-output>
        </test-method> <!-- afterClass -->
      </class> <!-- Form.CA40_41_test -->
    </test> <!-- Default test -->
  </suite> <!-- Default suite -->
</testng-results>
