<?xml version="1.0" encoding="UTF-8"?>
<!-- Generated by org.testng.reporters.JUnitReportReporter -->
<testsuite hostname="Welcomes-MacBook-Air-582.local" failures="0" tests="3" name="Form.HarmonizedPrimaryFlightDisp_test" time="264.253" errors="0" timestamp="2026-04-17T13:20:31 IST" skipped="0">
  <testcase classname="Form.HarmonizedPrimaryFlightDisp_test" name="end2endTrainerSubmitEventForTrainee" time="82.388"/>
  <testcase classname="Form.HarmonizedPrimaryFlightDisp_test" name="end2endTraineeAcceptAcknowledgement" time="14.319"/>
  <testcase classname="Form.HarmonizedPrimaryFlightDisp_test" name="end2endAdminAcceptApproveAfterTraineeAcknowlegement" time="167.546"/>
</testsuite> <!-- Form.HarmonizedPrimaryFlightDisp_test -->
